
=== Wed Apr 10 16:27:45 2019

Packages were changed.
Update Mode: updateDependencies

The following packages were updated:
  com.unity.analytics from version 2.0.16 to 3.2.2
  com.unity.package-manager-ui from version 1.9.11 to 2.0.7
  com.unity.textmeshpro from version 1.2.4 to 1.3.0

=== Sat May  4 19:32:42 2019

Packages were changed.
Update Mode: resetToDefaultDependencies

The following packages were added:
  com.unity.collab-proxy@1.2.15
The following packages were updated:
  com.unity.analytics from version 2.0.16 to 3.2.2
  com.unity.textmeshpro from version 1.2.4 to 1.3.0
  com.unity.package-manager-ui from version 1.9.11 to 2.0.7

=== Sun May 12 01:56:02 2019

Packages were changed.
Update Mode: updateDependencies

The following packages were added:
  com.unity.timeline@1.0.0
  com.unity.multiplayer-hlapi@1.0.2
  com.unity.xr.legacyinputhelpers@2.0.2
The following packages were updated:
  com.unity.analytics from version 3.2.2 to 3.3.2
  com.unity.collab-proxy from version 1.2.15 to 1.2.16
  com.unity.package-manager-ui from version 2.0.7 to 2.1.2
  com.unity.purchasing from version 2.0.3 to 2.0.6
  com.unity.textmeshpro from version 1.3.0 to 2.0.0

=== Sun May 12 17:02:55 2019

Packages were changed.
Update Mode: resetToDefaultDependencies

The following packages were updated:
  com.unity.analytics from version 3.3.2 to 3.2.2
  com.unity.purchasing from version 2.0.6 to 2.0.3
  com.unity.textmeshpro from version 2.0.0 to 1.3.0
  com.unity.package-manager-ui from version 2.1.2 to 2.0.7
  com.unity.collab-proxy from version 1.2.16 to 1.2.15
The following packages were removed:
  com.unity.multiplayer-hlapi@1.0.2
  com.unity.timeline@1.0.0
  com.unity.xr.legacyinputhelpers@2.0.2

=== Thu May 16 13:51:44 2019

Packages were changed.
Update Mode: updateDependencies

The following packages were added:
  com.unity.timeline@1.0.0
  com.unity.multiplayer-hlapi@1.0.2
  com.unity.xr.legacyinputhelpers@2.0.2
The following packages were updated:
  com.unity.analytics from version 3.2.2 to 3.3.2
  com.unity.collab-proxy from version 1.2.15 to 1.2.16
  com.unity.package-manager-ui from version 2.0.7 to 2.1.2
  com.unity.purchasing from version 2.0.3 to 2.0.6
  com.unity.textmeshpro from version 1.3.0 to 2.0.0

=== Fri May 17 01:48:21 2019

Packages were changed.
Update Mode: updateDependencies

The following packages were added:
  com.unity.purchasing@2.0.6
The following packages were updated:
  com.unity.analytics from version 3.2.2 to 3.3.2

=== Thu May 23 08:09:22 2019

Packages were changed.
Update Mode: resetToDefaultDependencies

The following packages were updated:
  com.unity.analytics from version 3.3.2 to 3.2.2
  com.unity.purchasing from version 2.0.6 to 2.0.3
  com.unity.textmeshpro from version 2.0.0 to 1.3.0
  com.unity.package-manager-ui from version 2.1.2 to 2.0.7
  com.unity.collab-proxy from version 1.2.16 to 1.2.15
The following packages were removed:
  com.unity.multiplayer-hlapi@1.0.2
  com.unity.timeline@1.0.0
  com.unity.xr.legacyinputhelpers@2.0.2

=== Thu May 23 13:51:38 2019

Packages were changed.
Update Mode: resetToDefaultDependencies

The following packages were added:
  com.unity.timeline@1.0.0
The following packages were updated:
  com.unity.analytics from version 3.2.2 to 3.3.2
  com.unity.purchasing from version 2.0.3 to 2.0.6
  com.unity.textmeshpro from version 1.3.0 to 2.0.0
  com.unity.package-manager-ui from version 2.0.7 to 2.1.2
  com.unity.collab-proxy from version 1.2.15 to 1.2.16
